<?xml version="1.0" encoding="UTF-8"?>
<coverage generated="1736004242247" clover="3.2.0">
  <project timestamp="1736004242247" name="All files">
    <metrics statements="3" coveredstatements="3" conditionals="0" coveredconditionals="0" methods="1" coveredmethods="1" elements="4" coveredelements="4" complexity="0" loc="3" ncloc="3" packages="2" files="2" classes="2"/>
    <package name="portifolio-sidebar">
      <metrics statements="1" coveredstatements="1" conditionals="0" coveredconditionals="0" methods="0" coveredmethods="0"/>
      <file name="i18n.js" path="/Users/guilhermeribeiro/Documents/projetos/portifolio-sidebar/i18n.js">
        <metrics statements="1" coveredstatements="1" conditionals="0" coveredconditionals="0" methods="0" coveredmethods="0"/>
        <line num="5" count="1" type="stmt"/>
      </file>
    </package>
    <package name="portifolio-sidebar.src.pages">
      <metrics statements="2" coveredstatements="2" conditionals="0" coveredconditionals="0" methods="1" coveredmethods="1"/>
      <file name="Home.jsx" path="/Users/guilhermeribeiro/Documents/projetos/portifolio-sidebar/src/pages/Home.jsx">
        <metrics statements="2" coveredstatements="2" conditionals="0" coveredconditionals="0" methods="1" coveredmethods="1"/>
        <line num="7" count="4" type="stmt"/>
        <line num="9" count="3" type="stmt"/>
      </file>
    </package>
  </project>
</coverage>
