{"/Users/guilhermeribeiro/Documents/projetos/portifolio-sidebar/i18n.js": {"path":"/Users/guilhermeribeiro/Documents/projetos/portifolio-sidebar/i18n.js","statementMap":{"0":{"start":{"line":5,"column":0},"end":{"line":186,"column":5}}},"fnMap":{},"branchMap":{},"s":{"0":1},"f":{},"b":{},"_coverageSchema":"1a1c01bbd47fc00a2c39e90264f33305004495a9","hash":"5f5c1d5ff218b272bdd4cc41dbca522f35d685db"}
,"/Users/guilhermeribeiro/Documents/projetos/portifolio-sidebar/src/pages/Home.jsx": {"path":"/Users/guilhermeribeiro/Documents/projetos/portifolio-sidebar/src/pages/Home.jsx","statementMap":{"0":{"start":{"line":7,"column":16},"end":{"line":7,"column":32}},"1":{"start":{"line":9,"column":2},"end":{"line":33,"column":4}}},"fnMap":{"0":{"name":"Home","decl":{"start":{"line":6,"column":9},"end":{"line":6,"column":13}},"loc":{"start":{"line":6,"column":16},"end":{"line":34,"column":1}},"line":6}},"branchMap":{},"s":{"0":4,"1":3},"f":{"0":4},"b":{},"_coverageSchema":"1a1c01bbd47fc00a2c39e90264f33305004495a9","hash":"44d93d35e51f25ac902345f0474e81875ee0593e"}
}
